#
# There is insufficient memory for the Java Runtime Environment to continue.
# Native memory allocation (malloc) failed to allocate 1048576 bytes for AllocateHeap
# Possible reasons:
#   The system is out of physical RAM or swap space
#   In 32 bit mode, the process size limit was hit
# Possible solutions:
#   Reduce memory load on the system
#   Increase physical memory or swap space
#   Check if swap backing store is full
#   Use 64 bit Java on a 64 bit OS
#   Decrease Java heap size (-Xmx/-Xms)
#   Decrease number of Java threads
#   Decrease Java thread stack sizes (-Xss)
#   Set larger code cache with -XX:ReservedCodeCacheSize=
# This output file may be truncated or incomplete.
#
#  Out of Memory Error (memory/allocation.inline.hpp:61), pid=7000, tid=6112
#
# JRE version:  (8.0_51-b16) (build )
# Java VM: Java HotSpot(TM) 64-Bit Server VM (25.51-b03 mixed mode windows-amd64 compressed oops)
# Failed to write core dump. Minidumps are not enabled by default on client versions of Windows
#

---------------  T H R E A D  ---------------

Current thread (0x0000000002f93000):  JavaThread "Unknown thread" [_thread_in_vm, id=6112, stack(0x0000000002e30000,0x0000000002f30000)]

Stack: [0x0000000002e30000,0x0000000002f30000]
Native frames: (J=compiled Java code, j=interpreted, Vv=VM code, C=native code)
V  [jvm.dll+0x32b4ca]
V  [jvm.dll+0x2797e3]
V  [jvm.dll+0x27a479]
V  [jvm.dll+0x271765]
V  [jvm.dll+0x1606]
V  [jvm.dll+0x3c0822]
V  [jvm.dll+0x3eead2]
V  [jvm.dll+0x3ef09c]
V  [jvm.dll+0x3ea537]
V  [jvm.dll+0xf2c22]
V  [jvm.dll+0x20f0a9]
V  [jvm.dll+0x240d2a]
V  [jvm.dll+0x15b9a1]
C  [java.exe+0x216e]
C  [java.exe+0xcd07]
C  [java.exe+0xcd9b]
C  [KERNEL32.DLL+0x8364]
C  [ntdll.dll+0x670d1]


---------------  P R O C E S S  ---------------

Java Threads: ( => current thread )

Other Threads:

=>0x0000000002f93000 (exited) JavaThread "Unknown thread" [_thread_in_vm, id=6112, stack(0x0000000002e30000,0x0000000002f30000)]

VM state:not at safepoint (normal execution)

VM Mutex/Monitor currently owned by a thread: None

Heap:
 PSYoungGen      total 18944K, used 327K [0x00000000eb400000, 0x00000000ec900000, 0x0000000100000000)
  eden space 16384K, 2% used [0x00000000eb400000,0x00000000eb451ec8,0x00000000ec400000)
  from space 2560K, 0% used [0x00000000ec680000,0x00000000ec680000,0x00000000ec900000)
  to   space 2560K, 0% used [0x00000000ec400000,0x00000000ec400000,0x00000000ec680000)
 ParOldGen       total 44032K, used 0K [0x00000000c1c00000, 0x00000000c4700000, 0x00000000eb400000)
  object space 44032K, 0% used [0x00000000c1c00000,0x00000000c1c00000,0x00000000c4700000)
 Metaspace       used 776K, capacity 4480K, committed 4480K, reserved 1056768K
  class space    used 75K, capacity 384K, committed 384K, reserved 1048576K

Card table byte_map: [0x0000000012520000,0x0000000012720000] byte_map_base: 0x0000000011f12000

Marking Bits: (ParMarkBitMap*) 0x0000000073794040
 Begin Bits: [0x0000000012c70000, 0x0000000013c00000)
 End Bits:   [0x0000000013c00000, 0x0000000014b90000)

Polling page: 0x00000000016d0000

CodeCache: size=245760Kb used=328Kb max_used=328Kb free=245431Kb
 bounds [0x0000000003160000, 0x00000000033d0000, 0x0000000012160000]
 total_blobs=57 nmethods=0 adapters=37
 compilation: enabled

Compilation events (0 events):
No events

GC Heap History (0 events):
No events

Deoptimization events (0 events):
No events

Internal exceptions (0 events):
No events

Events (10 events):
Event: 0.122 loading class java/lang/Short
Event: 0.122 loading class java/lang/Short done
Event: 0.122 loading class java/lang/Integer
Event: 0.122 loading class java/lang/Integer done
Event: 0.122 loading class java/lang/Long
Event: 0.122 loading class java/lang/Long done
Event: 0.124 loading class java/lang/NullPointerException
Event: 0.124 loading class java/lang/NullPointerException done
Event: 0.124 loading class java/lang/ArithmeticException
Event: 0.124 loading class java/lang/ArithmeticException done


Dynamic libraries:
0x00007ff7e07f0000 - 0x00007ff7e0827000 	C:\Program Files\Java\jdk1.8.0_51\bin\java.exe
0x00007ffd78770000 - 0x00007ffd78941000 	C:\WINDOWS\SYSTEM32\ntdll.dll
0x00007ffd76170000 - 0x00007ffd7621b000 	C:\WINDOWS\System32\KERNEL32.DLL
0x00007ffd75ae0000 - 0x00007ffd75cfd000 	C:\WINDOWS\System32\KERNELBASE.dll
0x00007ffd777a0000 - 0x00007ffd77842000 	C:\WINDOWS\System32\ADVAPI32.dll
0x00007ffd75f70000 - 0x00007ffd7600e000 	C:\WINDOWS\System32\msvcrt.dll
0x00007ffd75f10000 - 0x00007ffd75f69000 	C:\WINDOWS\System32\sechost.dll
0x00007ffd77850000 - 0x00007ffd77971000 	C:\WINDOWS\System32\RPCRT4.dll
0x00007ffd78600000 - 0x00007ffd78765000 	C:\WINDOWS\System32\USER32.dll
0x00007ffd75710000 - 0x00007ffd7572e000 	C:\WINDOWS\System32\win32u.dll
0x00007ffd780c0000 - 0x00007ffd780f4000 	C:\WINDOWS\System32\GDI32.dll
0x00007ffd75730000 - 0x00007ffd758b2000 	C:\WINDOWS\System32\gdi32full.dll
0x00007ffd692d0000 - 0x00007ffd6954a000 	C:\WINDOWS\WinSxS\amd64_microsoft.windows.common-controls_6595b64144ccf1df_6.0.14393.953_none_42151e83c686086b\COMCTL32.dll
0x00007ffd78320000 - 0x00007ffd785e8000 	C:\WINDOWS\System32\combase.dll
0x00007ffd759e0000 - 0x00007ffd75ad5000 	C:\WINDOWS\System32\ucrtbase.dll
0x00007ffd75970000 - 0x00007ffd759da000 	C:\WINDOWS\System32\bcryptPrimitives.dll
0x00007ffd78160000 - 0x00007ffd7818e000 	C:\WINDOWS\System32\IMM32.DLL
0x0000000072120000 - 0x00000000721f2000 	C:\Program Files\Java\jdk1.8.0_51\jre\bin\msvcr100.dll
0x0000000072f90000 - 0x0000000073813000 	C:\Program Files\Java\jdk1.8.0_51\jre\bin\server\jvm.dll
0x00007ffd785f0000 - 0x00007ffd785f8000 	C:\WINDOWS\System32\PSAPI.DLL
0x00007ffd5f590000 - 0x00007ffd5f599000 	C:\WINDOWS\SYSTEM32\WSOCK32.dll
0x00007ffd77980000 - 0x00007ffd779ea000 	C:\WINDOWS\System32\WS2_32.dll
0x00007ffd72f40000 - 0x00007ffd72f63000 	C:\WINDOWS\SYSTEM32\WINMM.dll
0x00007ffd67200000 - 0x00007ffd6720a000 	C:\WINDOWS\SYSTEM32\VERSION.dll
0x00007ffd72f10000 - 0x00007ffd72f3b000 	C:\WINDOWS\SYSTEM32\WINMMBASE.dll
0x00007ffd75510000 - 0x00007ffd75552000 	C:\WINDOWS\System32\cfgmgr32.dll
0x0000000072f80000 - 0x0000000072f8f000 	C:\Program Files\Java\jdk1.8.0_51\jre\bin\verify.dll
0x0000000072f50000 - 0x0000000072f79000 	C:\Program Files\Java\jdk1.8.0_51\jre\bin\java.dll
0x00000000720e0000 - 0x0000000072115000 	C:\Program Files\Java\jdk1.8.0_51\jre\bin\jdwp.dll
0x00000000720d0000 - 0x00000000720d8000 	C:\Program Files\Java\jdk1.8.0_51\jre\bin\npt.dll
0x0000000072f30000 - 0x0000000072f46000 	C:\Program Files\Java\jdk1.8.0_51\jre\bin\zip.dll
0x00007ffd65dd0000 - 0x00007ffd65f62000 	C:\WINDOWS\SYSTEM32\dbghelp.dll

VM Arguments:
jvm_args: -agentlib:jdwp=transport=dt_socket,address=127.0.0.1:52101,suspend=y,server=n -Dfile.encoding=windows-1252 
java_command: ch.oesch.Main
java_class_path (initial): C:\Program Files\Java\jdk1.8.0_51\jre\lib\charsets.jar;C:\Program Files\Java\jdk1.8.0_51\jre\lib\deploy.jar;C:\Program Files\Java\jdk1.8.0_51\jre\lib\javaws.jar;C:\Program Files\Java\jdk1.8.0_51\jre\lib\jce.jar;C:\Program Files\Java\jdk1.8.0_51\jre\lib\jfr.jar;C:\Program Files\Java\jdk1.8.0_51\jre\lib\jfxswt.jar;C:\Program Files\Java\jdk1.8.0_51\jre\lib\jsse.jar;C:\Program Files\Java\jdk1.8.0_51\jre\lib\management-agent.jar;C:\Program Files\Java\jdk1.8.0_51\jre\lib\plugin.jar;C:\Program Files\Java\jdk1.8.0_51\jre\lib\resources.jar;C:\Program Files\Java\jdk1.8.0_51\jre\lib\rt.jar;C:\Program Files\Java\jdk1.8.0_51\jre\lib\ext\access-bridge-64.jar;C:\Program Files\Java\jdk1.8.0_51\jre\lib\ext\cldrdata.jar;C:\Program Files\Java\jdk1.8.0_51\jre\lib\ext\dnsns.jar;C:\Program Files\Java\jdk1.8.0_51\jre\lib\ext\jaccess.jar;C:\Program Files\Java\jdk1.8.0_51\jre\lib\ext\jfxrt.jar;C:\Program Files\Java\jdk1.8.0_51\jre\lib\ext\localedata.jar;C:\Program Files\Java\jdk1.8.0_51\jre\lib\ext\nashorn.jar;C:\Program Files\Java\jdk1.8.0_51\jre\lib\ext\sunec.jar;C:\Program Files\Java\jdk1.8.0_51\jre\lib\ext\sunjce_provider.jar;C:\Program Files\Java\jdk1.8.0_51\jre\lib\ext\sunmscapi.jar;C:\Program Files\Java\jdk1.8.0_51\jre\lib\ext\sunpkcs11.jar;C:\Program Files\Java\jdk1.8.0_51\jre\lib\ext\zipfs.jar;C:\Users\Walter Oesch\IdeaProjects\DatabaseAccess\out\production\DatabaseAccess;C:\Program Files (x86)\JetBrains\IntelliJ IDEA Community Edition 14.1.4\lib\idea_rt.jar
Launcher Type: SUN_STANDARD

Environment Variables:
JAVA_HOME=C:\Program Files\Java\jdk1.8.0_51
PATH=C:\Program Files\Python 3.5\Scripts\;C:\Program Files\Python 3.5\;C:\ProgramData\Oracle\Java\javapath;c:\Program Files (x86)\Intel\iCLS Client\;c:\Program Files\Intel\iCLS Client\;C:\WINDOWS\system32;C:\WINDOWS;C:\WINDOWS\System32\Wbem;C:\WINDOWS\System32\WindowsPowerShell\v1.0\;C:\Program Files\Intel\Intel(R) Management Engine Components\DAL;C:\Program Files\Intel\Intel(R) Management Engine Components\IPT;C:\Program Files (x86)\Intel\Intel(R) Management Engine Components\DAL;C:\Program Files (x86)\Intel\Intel(R) Management Engine Components\IPT;C:\Program Files (x86)\Intel\OpenCL SDK\3.0\bin\x86;C:\Program Files (x86)\Intel\OpenCL SDK\3.0\bin\x64;C:\Program Files\Java\jdk1.8.0_51\bin;C:\Program Files\Microsoft SQL Server\Client SDK\ODBC\110\Tools\Binn\;C:\Program Files (x86)\Microsoft SQL Server\120\Tools\Binn\;C:\Program Files\Microsoft SQL Server\120\Tools\Binn\;C:\Program Files\Microsoft SQL Server\120\DTS\Binn\;C:\Program Files (x86)\Microsoft SQL Server\120\Tools\Binn\ManagementStudio\;C:\Program Files (x86)\Microsoft SQL Server\120\DTS\Binn\;C:\Program Files (x86)\Skype\Phone\;C:\WINDOWS\system32\config\systemprofile\.dnx\bin;C:\Program Files\Microsoft DNX\Dnvm\;C:\Program Files (x86)\nodejs\;c:\Program Files\Intel\WiFi\bin\;c:\Program Files\Common Files\Intel\WirelessCommon\;C:\Program Files (x86)\Windows Kits\10\Windows Performance Toolkit\;C:\Program Files\Git\cmd;C:\Program Files\PuTTY\;C:\HashiCorp\Vagrant\bin;C:\Apache\apache-maven-3.5.0\bin;C:\Users\Walter Oesch\AppData\Roaming\npm;c:\Program Files\Intel\WiFi\bin\;c:\Program Files\Common Files\Intel\WirelessCommon\;C:\Users\Walter Oesch\AppData\Local\Microsoft\WindowsApps;C:\Apache\apache-maven-3.5.0\bin;C:\Gradle\gradle-3.5\bin
USERNAME=Walter Oesch
OS=Windows_NT
PROCESSOR_IDENTIFIER=Intel64 Family 6 Model 69 Stepping 1, GenuineIntel



---------------  S Y S T E M  ---------------

OS: Windows 10.0 , 64 bit Build 14393 (10.0.14393.0)

CPU:total 4 (2 cores per cpu, 2 threads per core) family 6 model 69 stepping 1, cmov, cx8, fxsr, mmx, sse, sse2, sse3, ssse3, sse4.1, sse4.2, popcnt, avx, avx2, aes, clmul, erms, lzcnt, ht, tsc, tscinvbit, bmi1, bmi2

Memory: 4k page, physical 4072556k(734724k free), swap 8266860k(3868k free)

vm_info: Java HotSpot(TM) 64-Bit Server VM (25.51-b03) for windows-amd64 JRE (1.8.0_51-b16), built on Jun  8 2015 18:03:07 by "java_re" with MS VC++ 10.0 (VS2010)

time: Thu May 11 22:18:51 2017
elapsed time: 0 seconds (0d 0h 0m 0s)

